{"C:\\projects\\healthTracker\\api\\client.ts": {"path":"C:\\projects\\healthTracker\\api\\client.ts","statementMap":{"0":{"start":{"line":4,"column":14},"end":{"line":4,"column":25}},"1":{"start":{"line":7,"column":2},"end":{"line":10,"column":3}},"2":{"start":{"line":8,"column":4},"end":{"line":8,"column":41}},"3":{"start":{"line":9,"column":4},"end":{"line":9,"column":11}},"4":{"start":{"line":11,"column":2},"end":{"line":11,"column":47}},"5":{"start":{"line":15,"column":2},"end":{"line":17,"column":3}},"6":{"start":{"line":16,"column":4},"end":{"line":16,"column":41}},"7":{"start":{"line":18,"column":2},"end":{"line":18,"column":47}},"8":{"start":{"line":22,"column":2},"end":{"line":25,"column":3}},"9":{"start":{"line":23,"column":4},"end":{"line":23,"column":37}},"10":{"start":{"line":24,"column":4},"end":{"line":24,"column":11}},"11":{"start":{"line":26,"column":2},"end":{"line":26,"column":43}}},"fnMap":{"0":{"name":"saveToken","decl":{"start":{"line":6,"column":22},"end":{"line":6,"column":31}},"loc":{"start":{"line":6,"column":62},"end":{"line":12,"column":1}},"line":6},"1":{"name":"getToken","decl":{"start":{"line":14,"column":22},"end":{"line":14,"column":30}},"loc":{"start":{"line":14,"column":57},"end":{"line":19,"column":1}},"line":14},"2":{"name":"deleteToken","decl":{"start":{"line":21,"column":22},"end":{"line":21,"column":33}},"loc":{"start":{"line":21,"column":51},"end":{"line":27,"column":1}},"line":21}},"branchMap":{"0":{"loc":{"start":{"line":7,"column":2},"end":{"line":10,"column":3}},"type":"if","locations":[{"start":{"line":7,"column":2},"end":{"line":10,"column":3}},{"start":{},"end":{}}],"line":7},"1":{"loc":{"start":{"line":15,"column":2},"end":{"line":17,"column":3}},"type":"if","locations":[{"start":{"line":15,"column":2},"end":{"line":17,"column":3}},{"start":{},"end":{}}],"line":15},"2":{"loc":{"start":{"line":22,"column":2},"end":{"line":25,"column":3}},"type":"if","locations":[{"start":{"line":22,"column":2},"end":{"line":25,"column":3}},{"start":{},"end":{}}],"line":22}},"s":{"0":5,"1":2,"2":1,"3":1,"4":1,"5":4,"6":2,"7":2,"8":2,"9":1,"10":1,"11":1},"f":{"0":2,"1":4,"2":2},"b":{"0":[1,1],"1":[2,2],"2":[1,1]},"_coverageSchema":"1a1c01bbd47fc00a2c39e90264f33305004495a9","hash":"2e648bfde15570f8753bbfac4dfd351299ebb80e"}
,"C:\\projects\\healthTracker\\api\\healthConnect.ts": {"path":"C:\\projects\\healthTracker\\api\\healthConnect.ts","statementMap":{"0":{"start":{"line":8,"column":39},"end":{"line":23,"column":1}},"1":{"start":{"line":9,"column":22},"end":{"line":9,"column":40}},"2":{"start":{"line":10,"column":2},"end":{"line":13,"column":3}},"3":{"start":{"line":11,"column":4},"end":{"line":11,"column":58}},"4":{"start":{"line":12,"column":4},"end":{"line":12,"column":58}},"5":{"start":{"line":15,"column":29},"end":{"line":15,"column":65}},"6":{"start":{"line":17,"column":2},"end":{"line":20,"column":3}},"7":{"start":{"line":18,"column":4},"end":{"line":18,"column":45}},"8":{"start":{"line":19,"column":4},"end":{"line":19,"column":57}},"9":{"start":{"line":22,"column":2},"end":{"line":22,"column":51}},"10":{"start":{"line":25,"column":22},"end":{"line":30,"column":1}},"11":{"start":{"line":26,"column":14},"end":{"line":26,"column":24}},"12":{"start":{"line":27,"column":21},"end":{"line":27,"column":34}},"13":{"start":{"line":28,"column":2},"end":{"line":28,"column":34}},"14":{"start":{"line":29,"column":2},"end":{"line":29,"column":77}},"15":{"start":{"line":32,"column":34},"end":{"line":47,"column":1}},"16":{"start":{"line":34,"column":4},"end":{"line":36,"column":6}},"17":{"start":{"line":38,"column":2},"end":{"line":40,"column":3}},"18":{"start":{"line":39,"column":4},"end":{"line":39,"column":16}},"19":{"start":{"line":42,"column":22},"end":{"line":44,"column":4}},"20":{"start":{"line":46,"column":2},"end":{"line":46,"column":70}},"21":{"start":{"line":46,"column":36},"end":{"line":46,"column":65}},"22":{"start":{"line":49,"column":25},"end":{"line":64,"column":1}},"23":{"start":{"line":51,"column":4},"end":{"line":53,"column":6}},"24":{"start":{"line":55,"column":2},"end":{"line":57,"column":3}},"25":{"start":{"line":56,"column":4},"end":{"line":56,"column":16}},"26":{"start":{"line":59,"column":22},"end":{"line":61,"column":4}},"27":{"start":{"line":63,"column":2},"end":{"line":63,"column":54}},"28":{"start":{"line":63,"column":36},"end":{"line":63,"column":49}},"29":{"start":{"line":66,"column":29},"end":{"line":83,"column":1}},"30":{"start":{"line":68,"column":4},"end":{"line":70,"column":6}},"31":{"start":{"line":72,"column":2},"end":{"line":74,"column":3}},"32":{"start":{"line":73,"column":4},"end":{"line":73,"column":16}},"33":{"start":{"line":76,"column":22},"end":{"line":78,"column":4}},"34":{"start":{"line":80,"column":2},"end":{"line":80,"column":62}},"35":{"start":{"line":82,"column":2},"end":{"line":82,"column":43}},"36":{"start":{"line":82,"column":32},"end":{"line":82,"column":41}},"37":{"start":{"line":85,"column":25},"end":{"line":109,"column":1}},"38":{"start":{"line":87,"column":4},"end":{"line":89,"column":6}},"39":{"start":{"line":91,"column":2},"end":{"line":93,"column":3}},"40":{"start":{"line":92,"column":4},"end":{"line":92,"column":16}},"41":{"start":{"line":95,"column":14},"end":{"line":95,"column":24}},"42":{"start":{"line":96,"column":27},"end":{"line":96,"column":40}},"43":{"start":{"line":97,"column":2},"end":{"line":97,"column":46}},"44":{"start":{"line":98,"column":2},"end":{"line":98,"column":40}},"45":{"start":{"line":100,"column":22},"end":{"line":106,"column":4}},"46":{"start":{"line":108,"column":2},"end":{"line":108,"column":17}},"47":{"start":{"line":111,"column":28},"end":{"line":127,"column":1}},"48":{"start":{"line":113,"column":4},"end":{"line":115,"column":6}},"49":{"start":{"line":117,"column":2},"end":{"line":119,"column":3}},"50":{"start":{"line":118,"column":4},"end":{"line":118,"column":16}},"51":{"start":{"line":121,"column":22},"end":{"line":123,"column":4}},"52":{"start":{"line":125,"column":22},"end":{"line":125,"column":78}},"53":{"start":{"line":125,"column":49},"end":{"line":125,"column":74}},"54":{"start":{"line":126,"column":2},"end":{"line":126,"column":44}},"55":{"start":{"line":129,"column":26},"end":{"line":164,"column":1}},"56":{"start":{"line":131,"column":4},"end":{"line":133,"column":6}},"57":{"start":{"line":135,"column":2},"end":{"line":137,"column":3}},"58":{"start":{"line":136,"column":4},"end":{"line":136,"column":11}},"59":{"start":{"line":139,"column":2},"end":{"line":163,"column":3}},"60":{"start":{"line":140,"column":4},"end":{"line":159,"column":7}},"61":{"start":{"line":160,"column":4},"end":{"line":160,"column":51}},"62":{"start":{"line":162,"column":4},"end":{"line":162,"column":58}},"63":{"start":{"line":166,"column":30},"end":{"line":193,"column":1}},"64":{"start":{"line":168,"column":4},"end":{"line":170,"column":6}},"65":{"start":{"line":172,"column":2},"end":{"line":174,"column":3}},"66":{"start":{"line":173,"column":4},"end":{"line":173,"column":11}},"67":{"start":{"line":176,"column":2},"end":{"line":192,"column":3}},"68":{"start":{"line":177,"column":4},"end":{"line":188,"column":7}},"69":{"start":{"line":189,"column":4},"end":{"line":189,"column":57}},"70":{"start":{"line":191,"column":4},"end":{"line":191,"column":64}},"71":{"start":{"line":195,"column":26},"end":{"line":239,"column":1}},"72":{"start":{"line":197,"column":4},"end":{"line":199,"column":6}},"73":{"start":{"line":201,"column":2},"end":{"line":203,"column":3}},"74":{"start":{"line":202,"column":4},"end":{"line":202,"column":11}},"75":{"start":{"line":205,"column":2},"end":{"line":238,"column":3}},"76":{"start":{"line":206,"column":4},"end":{"line":234,"column":7}},"77":{"start":{"line":235,"column":4},"end":{"line":235,"column":52}},"78":{"start":{"line":237,"column":4},"end":{"line":237,"column":59}},"79":{"start":{"line":241,"column":35},"end":{"line":263,"column":1}},"80":{"start":{"line":243,"column":4},"end":{"line":245,"column":6}},"81":{"start":{"line":247,"column":2},"end":{"line":249,"column":3}},"82":{"start":{"line":248,"column":4},"end":{"line":248,"column":11}},"83":{"start":{"line":250,"column":2},"end":{"line":262,"column":3}},"84":{"start":{"line":251,"column":4},"end":{"line":258,"column":7}},"85":{"start":{"line":259,"column":4},"end":{"line":259,"column":62}},"86":{"start":{"line":261,"column":4},"end":{"line":261,"column":69}},"87":{"start":{"line":265,"column":29},"end":{"line":286,"column":1}},"88":{"start":{"line":267,"column":4},"end":{"line":269,"column":6}},"89":{"start":{"line":270,"column":2},"end":{"line":272,"column":3}},"90":{"start":{"line":271,"column":4},"end":{"line":271,"column":11}},"91":{"start":{"line":273,"column":17},"end":{"line":283,"column":4}},"92":{"start":{"line":285,"column":2},"end":{"line":285,"column":53}}},"fnMap":{"0":{"name":"(anonymous_0)","decl":{"start":{"line":8,"column":39},"end":{"line":8,"column":40}},"loc":{"start":{"line":8,"column":67},"end":{"line":23,"column":1}},"line":8},"1":{"name":"(anonymous_1)","decl":{"start":{"line":25,"column":22},"end":{"line":25,"column":23}},"loc":{"start":{"line":25,"column":28},"end":{"line":30,"column":1}},"line":25},"2":{"name":"(anonymous_2)","decl":{"start":{"line":32,"column":34},"end":{"line":32,"column":35}},"loc":{"start":{"line":32,"column":46},"end":{"line":47,"column":1}},"line":32},"3":{"name":"(anonymous_3)","decl":{"start":{"line":46,"column":24},"end":{"line":46,"column":25}},"loc":{"start":{"line":46,"column":36},"end":{"line":46,"column":65}},"line":46},"4":{"name":"(anonymous_4)","decl":{"start":{"line":49,"column":25},"end":{"line":49,"column":26}},"loc":{"start":{"line":49,"column":37},"end":{"line":64,"column":1}},"line":49},"5":{"name":"(anonymous_5)","decl":{"start":{"line":63,"column":24},"end":{"line":63,"column":25}},"loc":{"start":{"line":63,"column":36},"end":{"line":63,"column":49}},"line":63},"6":{"name":"(anonymous_6)","decl":{"start":{"line":66,"column":29},"end":{"line":66,"column":30}},"loc":{"start":{"line":66,"column":41},"end":{"line":83,"column":1}},"line":66},"7":{"name":"(anonymous_7)","decl":{"start":{"line":82,"column":25},"end":{"line":82,"column":26}},"loc":{"start":{"line":82,"column":32},"end":{"line":82,"column":41}},"line":82},"8":{"name":"(anonymous_8)","decl":{"start":{"line":85,"column":25},"end":{"line":85,"column":26}},"loc":{"start":{"line":85,"column":37},"end":{"line":109,"column":1}},"line":85},"9":{"name":"(anonymous_9)","decl":{"start":{"line":111,"column":28},"end":{"line":111,"column":29}},"loc":{"start":{"line":111,"column":40},"end":{"line":127,"column":1}},"line":111},"10":{"name":"(anonymous_10)","decl":{"start":{"line":125,"column":37},"end":{"line":125,"column":38}},"loc":{"start":{"line":125,"column":49},"end":{"line":125,"column":74}},"line":125},"11":{"name":"(anonymous_11)","decl":{"start":{"line":129,"column":26},"end":{"line":129,"column":27}},"loc":{"start":{"line":129,"column":38},"end":{"line":164,"column":1}},"line":129},"12":{"name":"(anonymous_12)","decl":{"start":{"line":166,"column":30},"end":{"line":166,"column":31}},"loc":{"start":{"line":166,"column":42},"end":{"line":193,"column":1}},"line":166},"13":{"name":"(anonymous_13)","decl":{"start":{"line":195,"column":26},"end":{"line":195,"column":27}},"loc":{"start":{"line":195,"column":38},"end":{"line":239,"column":1}},"line":195},"14":{"name":"(anonymous_14)","decl":{"start":{"line":241,"column":35},"end":{"line":241,"column":36}},"loc":{"start":{"line":241,"column":47},"end":{"line":263,"column":1}},"line":241},"15":{"name":"(anonymous_15)","decl":{"start":{"line":265,"column":29},"end":{"line":265,"column":30}},"loc":{"start":{"line":265,"column":41},"end":{"line":286,"column":1}},"line":265}},"branchMap":{"0":{"loc":{"start":{"line":10,"column":2},"end":{"line":13,"column":3}},"type":"if","locations":[{"start":{"line":10,"column":2},"end":{"line":13,"column":3}},{"start":{},"end":{}}],"line":10},"1":{"loc":{"start":{"line":17,"column":2},"end":{"line":20,"column":3}},"type":"if","locations":[{"start":{"line":17,"column":2},"end":{"line":20,"column":3}},{"start":{},"end":{}}],"line":17},"2":{"loc":{"start":{"line":38,"column":2},"end":{"line":40,"column":3}},"type":"if","locations":[{"start":{"line":38,"column":2},"end":{"line":40,"column":3}},{"start":{},"end":{}}],"line":38},"3":{"loc":{"start":{"line":38,"column":6},"end":{"line":38,"column":48}},"type":"binary-expr","locations":[{"start":{"line":38,"column":6},"end":{"line":38,"column":18}},{"start":{"line":38,"column":22},"end":{"line":38,"column":48}}],"line":38},"4":{"loc":{"start":{"line":55,"column":2},"end":{"line":57,"column":3}},"type":"if","locations":[{"start":{"line":55,"column":2},"end":{"line":57,"column":3}},{"start":{},"end":{}}],"line":55},"5":{"loc":{"start":{"line":55,"column":6},"end":{"line":55,"column":48}},"type":"binary-expr","locations":[{"start":{"line":55,"column":6},"end":{"line":55,"column":18}},{"start":{"line":55,"column":22},"end":{"line":55,"column":48}}],"line":55},"6":{"loc":{"start":{"line":72,"column":2},"end":{"line":74,"column":3}},"type":"if","locations":[{"start":{"line":72,"column":2},"end":{"line":74,"column":3}},{"start":{},"end":{}}],"line":72},"7":{"loc":{"start":{"line":72,"column":6},"end":{"line":72,"column":48}},"type":"binary-expr","locations":[{"start":{"line":72,"column":6},"end":{"line":72,"column":18}},{"start":{"line":72,"column":22},"end":{"line":72,"column":48}}],"line":72},"8":{"loc":{"start":{"line":91,"column":2},"end":{"line":93,"column":3}},"type":"if","locations":[{"start":{"line":91,"column":2},"end":{"line":93,"column":3}},{"start":{},"end":{}}],"line":91},"9":{"loc":{"start":{"line":91,"column":6},"end":{"line":91,"column":48}},"type":"binary-expr","locations":[{"start":{"line":91,"column":6},"end":{"line":91,"column":18}},{"start":{"line":91,"column":22},"end":{"line":91,"column":48}}],"line":91},"10":{"loc":{"start":{"line":117,"column":2},"end":{"line":119,"column":3}},"type":"if","locations":[{"start":{"line":117,"column":2},"end":{"line":119,"column":3}},{"start":{},"end":{}}],"line":117},"11":{"loc":{"start":{"line":117,"column":6},"end":{"line":117,"column":48}},"type":"binary-expr","locations":[{"start":{"line":117,"column":6},"end":{"line":117,"column":18}},{"start":{"line":117,"column":22},"end":{"line":117,"column":48}}],"line":117},"12":{"loc":{"start":{"line":135,"column":2},"end":{"line":137,"column":3}},"type":"if","locations":[{"start":{"line":135,"column":2},"end":{"line":137,"column":3}},{"start":{},"end":{}}],"line":135},"13":{"loc":{"start":{"line":135,"column":6},"end":{"line":135,"column":48}},"type":"binary-expr","locations":[{"start":{"line":135,"column":6},"end":{"line":135,"column":18}},{"start":{"line":135,"column":22},"end":{"line":135,"column":48}}],"line":135},"14":{"loc":{"start":{"line":172,"column":2},"end":{"line":174,"column":3}},"type":"if","locations":[{"start":{"line":172,"column":2},"end":{"line":174,"column":3}},{"start":{},"end":{}}],"line":172},"15":{"loc":{"start":{"line":172,"column":6},"end":{"line":172,"column":48}},"type":"binary-expr","locations":[{"start":{"line":172,"column":6},"end":{"line":172,"column":18}},{"start":{"line":172,"column":22},"end":{"line":172,"column":48}}],"line":172},"16":{"loc":{"start":{"line":201,"column":2},"end":{"line":203,"column":3}},"type":"if","locations":[{"start":{"line":201,"column":2},"end":{"line":203,"column":3}},{"start":{},"end":{}}],"line":201},"17":{"loc":{"start":{"line":201,"column":6},"end":{"line":201,"column":48}},"type":"binary-expr","locations":[{"start":{"line":201,"column":6},"end":{"line":201,"column":18}},{"start":{"line":201,"column":22},"end":{"line":201,"column":48}}],"line":201},"18":{"loc":{"start":{"line":247,"column":2},"end":{"line":249,"column":3}},"type":"if","locations":[{"start":{"line":247,"column":2},"end":{"line":249,"column":3}},{"start":{},"end":{}}],"line":247},"19":{"loc":{"start":{"line":247,"column":6},"end":{"line":247,"column":48}},"type":"binary-expr","locations":[{"start":{"line":247,"column":6},"end":{"line":247,"column":18}},{"start":{"line":247,"column":22},"end":{"line":247,"column":48}}],"line":247},"20":{"loc":{"start":{"line":270,"column":2},"end":{"line":272,"column":3}},"type":"if","locations":[{"start":{"line":270,"column":2},"end":{"line":272,"column":3}},{"start":{},"end":{}}],"line":270},"21":{"loc":{"start":{"line":270,"column":6},"end":{"line":270,"column":48}},"type":"binary-expr","locations":[{"start":{"line":270,"column":6},"end":{"line":270,"column":18}},{"start":{"line":270,"column":22},"end":{"line":270,"column":48}}],"line":270}},"s":{"0":2,"1":32,"2":32,"3":5,"4":5,"5":27,"6":27,"7":9,"8":9,"9":18,"10":2,"11":9,"12":9,"13":9,"14":9,"15":2,"16":3,"17":3,"18":2,"19":1,"20":1,"21":2,"22":2,"23":6,"24":6,"25":2,"26":4,"27":4,"28":3,"29":2,"30":4,"31":4,"32":2,"33":2,"34":2,"35":2,"36":2,"37":2,"38":3,"39":3,"40":2,"41":1,"42":1,"43":1,"44":1,"45":1,"46":1,"47":2,"48":4,"49":4,"50":2,"51":2,"52":2,"53":2,"54":2,"55":2,"56":3,"57":3,"58":1,"59":2,"60":2,"61":1,"62":1,"63":2,"64":3,"65":3,"66":1,"67":2,"68":2,"69":1,"70":1,"71":2,"72":3,"73":3,"74":1,"75":2,"76":2,"77":1,"78":1,"79":2,"80":3,"81":3,"82":1,"83":2,"84":2,"85":1,"86":1,"87":2,"88":0,"89":0,"90":0,"91":0,"92":0},"f":{"0":32,"1":9,"2":3,"3":2,"4":6,"5":3,"6":4,"7":2,"8":3,"9":4,"10":2,"11":3,"12":3,"13":3,"14":3,"15":0},"b":{"0":[5,27],"1":[9,18],"2":[2,1],"3":[3,2],"4":[2,4],"5":[6,5],"6":[2,2],"7":[4,3],"8":[2,1],"9":[3,2],"10":[2,2],"11":[4,3],"12":[1,2],"13":[3,3],"14":[1,2],"15":[3,3],"16":[1,2],"17":[3,3],"18":[1,2],"19":[3,3],"20":[0,0],"21":[0,0]},"_coverageSchema":"1a1c01bbd47fc00a2c39e90264f33305004495a9","hash":"45c5ff86838cd106cc37a2104a0561bd3fe62a1a"}
,"C:\\projects\\healthTracker\\api\\index.ts": {"path":"C:\\projects\\healthTracker\\api\\index.ts","statementMap":{"0":{"start":{"line":2,"column":15},"end":{"line":2,"column":46}},"1":{"start":{"line":3,"column":0},"end":{"line":3,"column":63}},"2":{"start":{"line":3,"column":13},"end":{"line":3,"column":63}},"3":{"start":{"line":10,"column":21},"end":{"line":10,"column":42}},"4":{"start":{"line":11,"column":18},"end":{"line":11,"column":58}},"5":{"start":{"line":11,"column":35},"end":{"line":11,"column":53}},"6":{"start":{"line":12,"column":2},"end":{"line":14,"column":4}},"7":{"start":{"line":13,"column":4},"end":{"line":13,"column":25}},"8":{"start":{"line":22,"column":2},"end":{"line":25,"column":3}},"9":{"start":{"line":23,"column":4},"end":{"line":23,"column":24}},"10":{"start":{"line":24,"column":4},"end":{"line":24,"column":41}},"11":{"start":{"line":27,"column":19},"end":{"line":34,"column":4}},"12":{"start":{"line":36,"column":2},"end":{"line":39,"column":3}},"13":{"start":{"line":37,"column":4},"end":{"line":37,"column":24}},"14":{"start":{"line":38,"column":4},"end":{"line":38,"column":39}},"15":{"start":{"line":41,"column":2},"end":{"line":44,"column":3}},"16":{"start":{"line":42,"column":22},"end":{"line":42,"column":61}},"17":{"start":{"line":42,"column":56},"end":{"line":42,"column":60}},"18":{"start":{"line":43,"column":4},"end":{"line":43,"column":80}},"19":{"start":{"line":46,"column":2},"end":{"line":46,"column":18}},"20":{"start":{"line":50,"column":19},"end":{"line":54,"column":4}},"21":{"start":{"line":55,"column":2},"end":{"line":58,"column":3}},"22":{"start":{"line":56,"column":22},"end":{"line":56,"column":61}},"23":{"start":{"line":56,"column":56},"end":{"line":56,"column":60}},"24":{"start":{"line":57,"column":4},"end":{"line":57,"column":80}},"25":{"start":{"line":59,"column":2},"end":{"line":59,"column":25}},"26":{"start":{"line":63,"column":19},"end":{"line":67,"column":4}},"27":{"start":{"line":68,"column":2},"end":{"line":71,"column":3}},"28":{"start":{"line":69,"column":22},"end":{"line":69,"column":61}},"29":{"start":{"line":69,"column":56},"end":{"line":69,"column":60}},"30":{"start":{"line":70,"column":4},"end":{"line":70,"column":80}},"31":{"start":{"line":72,"column":15},"end":{"line":72,"column":36}},"32":{"start":{"line":73,"column":2},"end":{"line":73,"column":22}},"33":{"start":{"line":77,"column":19},"end":{"line":81,"column":4}},"34":{"start":{"line":82,"column":2},"end":{"line":82,"column":25}}},"fnMap":{"0":{"name":"fetchWithTimeout","decl":{"start":{"line":5,"column":15},"end":{"line":5,"column":31}},"loc":{"start":{"line":9,"column":2},"end":{"line":15,"column":1}},"line":9},"1":{"name":"(anonymous_1)","decl":{"start":{"line":11,"column":29},"end":{"line":11,"column":30}},"loc":{"start":{"line":11,"column":35},"end":{"line":11,"column":53}},"line":11},"2":{"name":"(anonymous_2)","decl":{"start":{"line":12,"column":71},"end":{"line":12,"column":72}},"loc":{"start":{"line":13,"column":4},"end":{"line":13,"column":25}},"line":13},"3":{"name":"authorizedFetch","decl":{"start":{"line":17,"column":15},"end":{"line":17,"column":30}},"loc":{"start":{"line":21,"column":2},"end":{"line":47,"column":1}},"line":21},"4":{"name":"(anonymous_4)","decl":{"start":{"line":42,"column":50},"end":{"line":42,"column":51}},"loc":{"start":{"line":42,"column":56},"end":{"line":42,"column":60}},"line":42},"5":{"name":"login","decl":{"start":{"line":49,"column":22},"end":{"line":49,"column":27}},"loc":{"start":{"line":49,"column":61},"end":{"line":60,"column":1}},"line":49},"6":{"name":"(anonymous_6)","decl":{"start":{"line":56,"column":50},"end":{"line":56,"column":51}},"loc":{"start":{"line":56,"column":56},"end":{"line":56,"column":60}},"line":56},"7":{"name":"addUser","decl":{"start":{"line":62,"column":22},"end":{"line":62,"column":29}},"loc":{"start":{"line":62,"column":77},"end":{"line":74,"column":1}},"line":62},"8":{"name":"(anonymous_8)","decl":{"start":{"line":69,"column":50},"end":{"line":69,"column":51}},"loc":{"start":{"line":69,"column":56},"end":{"line":69,"column":60}},"line":69},"9":{"name":"initiateDonation","decl":{"start":{"line":76,"column":22},"end":{"line":76,"column":38}},"loc":{"start":{"line":76,"column":70},"end":{"line":83,"column":1}},"line":76}},"branchMap":{"0":{"loc":{"start":{"line":3,"column":0},"end":{"line":3,"column":63}},"type":"if","locations":[{"start":{"line":3,"column":0},"end":{"line":3,"column":63}},{"start":{},"end":{}}],"line":3},"1":{"loc":{"start":{"line":8,"column":2},"end":{"line":8,"column":13}},"type":"default-arg","locations":[{"start":{"line":8,"column":7},"end":{"line":8,"column":13}}],"line":8},"2":{"loc":{"start":{"line":20,"column":2},"end":{"line":20,"column":27}},"type":"default-arg","locations":[{"start":{"line":20,"column":25},"end":{"line":20,"column":27}}],"line":20},"3":{"loc":{"start":{"line":22,"column":2},"end":{"line":25,"column":3}},"type":"if","locations":[{"start":{"line":22,"column":2},"end":{"line":25,"column":3}},{"start":{},"end":{}}],"line":22},"4":{"loc":{"start":{"line":36,"column":2},"end":{"line":39,"column":3}},"type":"if","locations":[{"start":{"line":36,"column":2},"end":{"line":39,"column":3}},{"start":{},"end":{}}],"line":36},"5":{"loc":{"start":{"line":41,"column":2},"end":{"line":44,"column":3}},"type":"if","locations":[{"start":{"line":41,"column":2},"end":{"line":44,"column":3}},{"start":{},"end":{}}],"line":41},"6":{"loc":{"start":{"line":43,"column":20},"end":{"line":43,"column":78}},"type":"binary-expr","locations":[{"start":{"line":43,"column":20},"end":{"line":43,"column":38}},{"start":{"line":43,"column":42},"end":{"line":43,"column":78}}],"line":43},"7":{"loc":{"start":{"line":55,"column":2},"end":{"line":58,"column":3}},"type":"if","locations":[{"start":{"line":55,"column":2},"end":{"line":58,"column":3}},{"start":{},"end":{}}],"line":55},"8":{"loc":{"start":{"line":57,"column":20},"end":{"line":57,"column":78}},"type":"binary-expr","locations":[{"start":{"line":57,"column":20},"end":{"line":57,"column":38}},{"start":{"line":57,"column":42},"end":{"line":57,"column":78}}],"line":57},"9":{"loc":{"start":{"line":68,"column":2},"end":{"line":71,"column":3}},"type":"if","locations":[{"start":{"line":68,"column":2},"end":{"line":71,"column":3}},{"start":{},"end":{}}],"line":68},"10":{"loc":{"start":{"line":70,"column":20},"end":{"line":70,"column":78}},"type":"binary-expr","locations":[{"start":{"line":70,"column":20},"end":{"line":70,"column":38}},{"start":{"line":70,"column":42},"end":{"line":70,"column":78}}],"line":70}},"s":{"0":2,"1":2,"2":0,"3":6,"4":6,"5":0,"6":6,"7":6,"8":0,"9":0,"10":0,"11":0,"12":0,"13":0,"14":0,"15":0,"16":0,"17":0,"18":0,"19":0,"20":3,"21":3,"22":2,"23":1,"24":2,"25":1,"26":2,"27":2,"28":1,"29":0,"30":1,"31":1,"32":1,"33":1,"34":1},"f":{"0":6,"1":0,"2":6,"3":0,"4":0,"5":3,"6":1,"7":2,"8":0,"9":1},"b":{"0":[0,2],"1":[6],"2":[0],"3":[0,0],"4":[0,0],"5":[0,0],"6":[0,0],"7":[2,1],"8":[2,1],"9":[1,1],"10":[1,0]},"_coverageSchema":"1a1c01bbd47fc00a2c39e90264f33305004495a9","hash":"2aeb0db31e3b70036803aecc0553d5734f2a35f9"}
,"C:\\projects\\healthTracker\\api\\storage.ts": {"path":"C:\\projects\\healthTracker\\api\\storage.ts","statementMap":{"0":{"start":{"line":4,"column":23},"end":{"line":7,"column":1}},"1":{"start":{"line":5,"column":2},"end":{"line":5,"column":62}},"2":{"start":{"line":5,"column":29},"end":{"line":5,"column":62}},"3":{"start":{"line":6,"column":2},"end":{"line":6,"column":45}},"4":{"start":{"line":9,"column":23},"end":{"line":15,"column":1}},"5":{"start":{"line":10,"column":2},"end":{"line":14,"column":3}},"6":{"start":{"line":11,"column":4},"end":{"line":11,"column":37}},"7":{"start":{"line":13,"column":4},"end":{"line":13,"column":47}},"8":{"start":{"line":17,"column":26},"end":{"line":23,"column":1}},"9":{"start":{"line":18,"column":2},"end":{"line":22,"column":3}},"10":{"start":{"line":19,"column":4},"end":{"line":19,"column":33}},"11":{"start":{"line":21,"column":4},"end":{"line":21,"column":43}}},"fnMap":{"0":{"name":"(anonymous_0)","decl":{"start":{"line":4,"column":23},"end":{"line":4,"column":24}},"loc":{"start":{"line":4,"column":70},"end":{"line":7,"column":1}},"line":4},"1":{"name":"(anonymous_1)","decl":{"start":{"line":9,"column":23},"end":{"line":9,"column":24}},"loc":{"start":{"line":9,"column":76},"end":{"line":15,"column":1}},"line":9},"2":{"name":"(anonymous_2)","decl":{"start":{"line":17,"column":26},"end":{"line":17,"column":27}},"loc":{"start":{"line":17,"column":64},"end":{"line":23,"column":1}},"line":17}},"branchMap":{"0":{"loc":{"start":{"line":5,"column":2},"end":{"line":5,"column":62}},"type":"if","locations":[{"start":{"line":5,"column":2},"end":{"line":5,"column":62}},{"start":{},"end":{}}],"line":5},"1":{"loc":{"start":{"line":10,"column":2},"end":{"line":14,"column":3}},"type":"if","locations":[{"start":{"line":10,"column":2},"end":{"line":14,"column":3}},{"start":{"line":12,"column":9},"end":{"line":14,"column":3}}],"line":10},"2":{"loc":{"start":{"line":18,"column":2},"end":{"line":22,"column":3}},"type":"if","locations":[{"start":{"line":18,"column":2},"end":{"line":22,"column":3}},{"start":{"line":20,"column":9},"end":{"line":22,"column":3}}],"line":18}},"s":{"0":3,"1":3,"2":2,"3":1,"4":3,"5":2,"6":1,"7":1,"8":3,"9":2,"10":1,"11":1},"f":{"0":3,"1":2,"2":2},"b":{"0":[2,1],"1":[1,1],"2":[1,1]},"_coverageSchema":"1a1c01bbd47fc00a2c39e90264f33305004495a9","hash":"bdb6dadb604360e3a3ecc05e3d9867fa9d19a50b"}
,"C:\\projects\\healthTracker\\constants\\types.ts": {"path":"C:\\projects\\healthTracker\\constants\\types.ts","statementMap":{"0":{"start":{"line":28,"column":15},"end":{"line":28,"column":36}},"1":{"start":{"line":29,"column":2},"end":{"line":29,"column":39}},"2":{"start":{"line":29,"column":17},"end":{"line":29,"column":39}},"3":{"start":{"line":30,"column":2},"end":{"line":30,"column":41}},"4":{"start":{"line":30,"column":17},"end":{"line":30,"column":41}},"5":{"start":{"line":31,"column":2},"end":{"line":31,"column":24}},"6":{"start":{"line":34,"column":25},"end":{"line":40,"column":1}},"7":{"start":{"line":35,"column":2},"end":{"line":39,"column":5}}},"fnMap":{"0":{"name":"getGreeting","decl":{"start":{"line":27,"column":16},"end":{"line":27,"column":27}},"loc":{"start":{"line":27,"column":30},"end":{"line":32,"column":1}},"line":27},"1":{"name":"(anonymous_1)","decl":{"start":{"line":34,"column":25},"end":{"line":34,"column":26}},"loc":{"start":{"line":34,"column":62},"end":{"line":40,"column":1}},"line":34}},"branchMap":{"0":{"loc":{"start":{"line":29,"column":2},"end":{"line":29,"column":39}},"type":"if","locations":[{"start":{"line":29,"column":2},"end":{"line":29,"column":39}},{"start":{},"end":{}}],"line":29},"1":{"loc":{"start":{"line":30,"column":2},"end":{"line":30,"column":41}},"type":"if","locations":[{"start":{"line":30,"column":2},"end":{"line":30,"column":41}},{"start":{},"end":{}}],"line":30},"2":{"loc":{"start":{"line":34,"column":26},"end":{"line":34,"column":49}},"type":"default-arg","locations":[{"start":{"line":34,"column":39},"end":{"line":34,"column":49}}],"line":34}},"s":{"0":6,"1":6,"2":2,"3":4,"4":2,"5":2,"6":1,"7":2},"f":{"0":6,"1":2},"b":{"0":[2,4],"1":[2,2],"2":[1]},"_coverageSchema":"1a1c01bbd47fc00a2c39e90264f33305004495a9","hash":"7adea4c6f58172a8ac7e2299d555fbd378d2308b"}
,"C:\\projects\\healthTracker\\hooks\\useAuth.tsx": {"path":"C:\\projects\\healthTracker\\hooks\\useAuth.tsx","statementMap":{"0":{"start":{"line":12,"column":20},"end":{"line":12,"column":73}},"1":{"start":{"line":14,"column":28},"end":{"line":72,"column":1}},"2":{"start":{"line":15,"column":26},"end":{"line":15,"column":56}},"3":{"start":{"line":16,"column":26},"end":{"line":16,"column":56}},"4":{"start":{"line":17,"column":28},"end":{"line":17,"column":58}},"5":{"start":{"line":18,"column":36},"end":{"line":18,"column":50}},"6":{"start":{"line":19,"column":48},"end":{"line":19,"column":63}},"7":{"start":{"line":21,"column":2},"end":{"line":41,"column":9}},"8":{"start":{"line":22,"column":21},"end":{"line":39,"column":5}},"9":{"start":{"line":23,"column":6},"end":{"line":38,"column":7}},"10":{"start":{"line":24,"column":8},"end":{"line":24,"column":27}},"11":{"start":{"line":25,"column":28},"end":{"line":25,"column":44}},"12":{"start":{"line":26,"column":8},"end":{"line":29,"column":9}},"13":{"start":{"line":27,"column":10},"end":{"line":27,"column":32}},"14":{"start":{"line":28,"column":10},"end":{"line":28,"column":35}},"15":{"start":{"line":30,"column":27},"end":{"line":30,"column":48}},"16":{"start":{"line":31,"column":28},"end":{"line":31,"column":50}},"17":{"start":{"line":32,"column":8},"end":{"line":32,"column":41}},"18":{"start":{"line":33,"column":8},"end":{"line":33,"column":42}},"19":{"start":{"line":35,"column":8},"end":{"line":35,"column":76}},"20":{"start":{"line":37,"column":8},"end":{"line":37,"column":28}},"21":{"start":{"line":40,"column":4},"end":{"line":40,"column":15}},"22":{"start":{"line":43,"column":17},"end":{"line":53,"column":3}},"23":{"start":{"line":44,"column":4},"end":{"line":44,"column":24}},"24":{"start":{"line":45,"column":4},"end":{"line":45,"column":29}},"25":{"start":{"line":46,"column":4},"end":{"line":46,"column":30}},"26":{"start":{"line":47,"column":4},"end":{"line":47,"column":38}},"27":{"start":{"line":49,"column":4},"end":{"line":49,"column":23}},"28":{"start":{"line":50,"column":4},"end":{"line":50,"column":23}},"29":{"start":{"line":51,"column":4},"end":{"line":51,"column":24}},"30":{"start":{"line":52,"column":4},"end":{"line":52,"column":30}},"31":{"start":{"line":54,"column":2},"end":{"line":71,"column":4}},"32":{"start":{"line":74,"column":23},"end":{"line":80,"column":1}},"33":{"start":{"line":75,"column":18},"end":{"line":75,"column":41}},"34":{"start":{"line":76,"column":2},"end":{"line":78,"column":3}},"35":{"start":{"line":77,"column":4},"end":{"line":77,"column":67}},"36":{"start":{"line":79,"column":2},"end":{"line":79,"column":17}}},"fnMap":{"0":{"name":"(anonymous_0)","decl":{"start":{"line":14,"column":28},"end":{"line":14,"column":29}},"loc":{"start":{"line":14,"column":71},"end":{"line":72,"column":1}},"line":14},"1":{"name":"(anonymous_1)","decl":{"start":{"line":21,"column":12},"end":{"line":21,"column":13}},"loc":{"start":{"line":21,"column":18},"end":{"line":41,"column":3}},"line":21},"2":{"name":"(anonymous_2)","decl":{"start":{"line":22,"column":21},"end":{"line":22,"column":22}},"loc":{"start":{"line":22,"column":33},"end":{"line":39,"column":5}},"line":22},"3":{"name":"(anonymous_3)","decl":{"start":{"line":43,"column":17},"end":{"line":43,"column":18}},"loc":{"start":{"line":43,"column":29},"end":{"line":53,"column":3}},"line":43},"4":{"name":"(anonymous_4)","decl":{"start":{"line":74,"column":23},"end":{"line":74,"column":24}},"loc":{"start":{"line":74,"column":29},"end":{"line":80,"column":1}},"line":74}},"branchMap":{"0":{"loc":{"start":{"line":26,"column":8},"end":{"line":29,"column":9}},"type":"if","locations":[{"start":{"line":26,"column":8},"end":{"line":29,"column":9}},{"start":{},"end":{}}],"line":26},"1":{"loc":{"start":{"line":32,"column":16},"end":{"line":32,"column":39}},"type":"binary-expr","locations":[{"start":{"line":32,"column":16},"end":{"line":32,"column":26}},{"start":{"line":32,"column":30},"end":{"line":32,"column":39}}],"line":32},"2":{"loc":{"start":{"line":33,"column":16},"end":{"line":33,"column":40}},"type":"binary-expr","locations":[{"start":{"line":33,"column":16},"end":{"line":33,"column":27}},{"start":{"line":33,"column":31},"end":{"line":33,"column":40}}],"line":33},"3":{"loc":{"start":{"line":76,"column":2},"end":{"line":78,"column":3}},"type":"if","locations":[{"start":{"line":76,"column":2},"end":{"line":78,"column":3}},{"start":{},"end":{}}],"line":76}},"s":{"0":2,"1":2,"2":12,"3":12,"4":12,"5":12,"6":12,"7":12,"8":5,"9":5,"10":5,"11":5,"12":4,"13":2,"14":2,"15":4,"16":4,"17":4,"18":4,"19":1,"20":5,"21":5,"22":12,"23":1,"24":1,"25":1,"26":1,"27":1,"28":1,"29":1,"30":1,"31":12,"32":2,"33":14,"34":14,"35":2,"36":12},"f":{"0":12,"1":5,"2":5,"3":1,"4":14},"b":{"0":[2,2],"1":[4,2],"2":[4,2],"3":[2,12]},"_coverageSchema":"1a1c01bbd47fc00a2c39e90264f33305004495a9","hash":"b4cd492510ba3a641ceacf18b7eda20f3a8efd76"}
,"C:\\projects\\healthTracker\\hooks\\useHealthData.tsx": {"path":"C:\\projects\\healthTracker\\hooks\\useHealthData.tsx","statementMap":{"0":{"start":{"line":11,"column":29},"end":{"line":55,"column":1}},"1":{"start":{"line":12,"column":28},"end":{"line":12,"column":39}},"2":{"start":{"line":13,"column":46},"end":{"line":13,"column":57}},"3":{"start":{"line":14,"column":36},"end":{"line":14,"column":67}},"4":{"start":{"line":15,"column":28},"end":{"line":15,"column":56}},"5":{"start":{"line":16,"column":34},"end":{"line":16,"column":45}},"6":{"start":{"line":17,"column":28},"end":{"line":17,"column":40}},"7":{"start":{"line":19,"column":2},"end":{"line":52,"column":9}},"8":{"start":{"line":20,"column":22},"end":{"line":50,"column":5}},"9":{"start":{"line":21,"column":6},"end":{"line":49,"column":7}},"10":{"start":{"line":28,"column":12},"end":{"line":34,"column":10}},"11":{"start":{"line":35,"column":8},"end":{"line":35,"column":35}},"12":{"start":{"line":36,"column":8},"end":{"line":36,"column":53}},"13":{"start":{"line":37,"column":8},"end":{"line":37,"column":44}},"14":{"start":{"line":38,"column":8},"end":{"line":44,"column":10}},"15":{"start":{"line":39,"column":47},"end":{"line":43,"column":11}},"16":{"start":{"line":45,"column":8},"end":{"line":45,"column":41}},"17":{"start":{"line":47,"column":8},"end":{"line":47,"column":72}},"18":{"start":{"line":48,"column":8},"end":{"line":48,"column":68}},"19":{"start":{"line":51,"column":4},"end":{"line":51,"column":16}},"20":{"start":{"line":54,"column":2},"end":{"line":54,"column":70}}},"fnMap":{"0":{"name":"(anonymous_0)","decl":{"start":{"line":11,"column":29},"end":{"line":11,"column":30}},"loc":{"start":{"line":11,"column":35},"end":{"line":55,"column":1}},"line":11},"1":{"name":"(anonymous_1)","decl":{"start":{"line":19,"column":12},"end":{"line":19,"column":13}},"loc":{"start":{"line":19,"column":18},"end":{"line":52,"column":3}},"line":19},"2":{"name":"(anonymous_2)","decl":{"start":{"line":20,"column":22},"end":{"line":20,"column":23}},"loc":{"start":{"line":20,"column":34},"end":{"line":50,"column":5}},"line":20},"3":{"name":"(anonymous_3)","decl":{"start":{"line":39,"column":34},"end":{"line":39,"column":35}},"loc":{"start":{"line":39,"column":47},"end":{"line":43,"column":11}},"line":39}},"branchMap":{"0":{"loc":{"start":{"line":35,"column":17},"end":{"line":35,"column":33}},"type":"binary-expr","locations":[{"start":{"line":35,"column":17},"end":{"line":35,"column":28}},{"start":{"line":35,"column":32},"end":{"line":35,"column":33}}],"line":35},"1":{"loc":{"start":{"line":36,"column":26},"end":{"line":36,"column":51}},"type":"binary-expr","locations":[{"start":{"line":36,"column":26},"end":{"line":36,"column":46}},{"start":{"line":36,"column":50},"end":{"line":36,"column":51}}],"line":36},"2":{"loc":{"start":{"line":37,"column":21},"end":{"line":37,"column":42}},"type":"binary-expr","locations":[{"start":{"line":37,"column":21},"end":{"line":37,"column":36}},{"start":{"line":37,"column":40},"end":{"line":37,"column":42}}],"line":37},"3":{"loc":{"start":{"line":39,"column":11},"end":{"line":39,"column":28}},"type":"binary-expr","locations":[{"start":{"line":39,"column":11},"end":{"line":39,"column":22}},{"start":{"line":39,"column":26},"end":{"line":39,"column":28}}],"line":39},"4":{"loc":{"start":{"line":42,"column":20},"end":{"line":42,"column":39}},"type":"binary-expr","locations":[{"start":{"line":42,"column":20},"end":{"line":42,"column":33}},{"start":{"line":42,"column":37},"end":{"line":42,"column":39}}],"line":42},"5":{"loc":{"start":{"line":45,"column":20},"end":{"line":45,"column":39}},"type":"binary-expr","locations":[{"start":{"line":45,"column":20},"end":{"line":45,"column":34}},{"start":{"line":45,"column":38},"end":{"line":45,"column":39}}],"line":45}},"s":{"0":1,"1":9,"2":9,"3":9,"4":9,"5":9,"6":9,"7":9,"8":5,"9":5,"10":5,"11":3,"12":3,"13":3,"14":3,"15":2,"16":3,"17":1,"18":1,"19":5,"20":9},"f":{"0":9,"1":5,"2":5,"3":2},"b":{"0":[3,1],"1":[3,1],"2":[3,1],"3":[3,1],"4":[2,1],"5":[3,1]},"_coverageSchema":"1a1c01bbd47fc00a2c39e90264f33305004495a9","hash":"13867e28153f8007f575fced74ba77ec1e0a0bf1"}
}
