TN:
SF:api\client.ts
FN:6,saveToken
FN:14,getToken
FN:21,deleteToken
FNF:3
FNH:3
FNDA:2,saveToken
FNDA:4,getToken
FNDA:2,deleteToken
DA:4,5
DA:7,2
DA:8,1
DA:9,1
DA:11,1
DA:15,4
DA:16,2
DA:18,2
DA:22,2
DA:23,1
DA:24,1
DA:26,1
LF:12
LH:12
BRDA:7,0,0,1
BRDA:7,0,1,1
BRDA:15,1,0,2
BRDA:15,1,1,2
BRDA:22,2,0,1
BRDA:22,2,1,1
BRF:6
BRH:6
end_of_record
TN:
SF:api\healthConnect.ts
FN:8,(anonymous_0)
FN:25,(anonymous_1)
FN:32,(anonymous_2)
FN:46,(anonymous_3)
FN:49,(anonymous_4)
FN:63,(anonymous_5)
FN:66,(anonymous_6)
FN:82,(anonymous_7)
FN:85,(anonymous_8)
FN:111,(anonymous_9)
FN:125,(anonymous_10)
FN:129,(anonymous_11)
FN:166,(anonymous_12)
FN:195,(anonymous_13)
FN:241,(anonymous_14)
FN:265,(anonymous_15)
FNF:16
FNH:15
FNDA:32,(anonymous_0)
FNDA:9,(anonymous_1)
FNDA:3,(anonymous_2)
FNDA:2,(anonymous_3)
FNDA:6,(anonymous_4)
FNDA:3,(anonymous_5)
FNDA:4,(anonymous_6)
FNDA:2,(anonymous_7)
FNDA:3,(anonymous_8)
FNDA:4,(anonymous_9)
FNDA:2,(anonymous_10)
FNDA:3,(anonymous_11)
FNDA:3,(anonymous_12)
FNDA:3,(anonymous_13)
FNDA:3,(anonymous_14)
FNDA:0,(anonymous_15)
DA:8,2
DA:9,32
DA:10,32
DA:11,5
DA:12,5
DA:15,27
DA:17,27
DA:18,9
DA:19,9
DA:22,18
DA:25,2
DA:26,9
DA:27,9
DA:28,9
DA:29,9
DA:32,2
DA:34,3
DA:38,3
DA:39,2
DA:42,1
DA:46,2
DA:49,2
DA:51,6
DA:55,6
DA:56,2
DA:59,4
DA:63,4
DA:66,2
DA:68,4
DA:72,4
DA:73,2
DA:76,2
DA:80,2
DA:82,2
DA:85,2
DA:87,3
DA:91,3
DA:92,2
DA:95,1
DA:96,1
DA:97,1
DA:98,1
DA:100,1
DA:108,1
DA:111,2
DA:113,4
DA:117,4
DA:118,2
DA:121,2
DA:125,2
DA:126,2
DA:129,2
DA:131,3
DA:135,3
DA:136,1
DA:139,2
DA:140,2
DA:160,1
DA:162,1
DA:166,2
DA:168,3
DA:172,3
DA:173,1
DA:176,2
DA:177,2
DA:189,1
DA:191,1
DA:195,2
DA:197,3
DA:201,3
DA:202,1
DA:205,2
DA:206,2
DA:235,1
DA:237,1
DA:241,2
DA:243,3
DA:247,3
DA:248,1
DA:250,2
DA:251,2
DA:259,1
DA:261,1
DA:265,2
DA:267,0
DA:270,0
DA:271,0
DA:273,0
DA:285,0
LF:89
LH:84
BRDA:10,0,0,5
BRDA:10,0,1,27
BRDA:17,1,0,9
BRDA:17,1,1,18
BRDA:38,2,0,2
BRDA:38,2,1,1
BRDA:38,3,0,3
BRDA:38,3,1,2
BRDA:55,4,0,2
BRDA:55,4,1,4
BRDA:55,5,0,6
BRDA:55,5,1,5
BRDA:72,6,0,2
BRDA:72,6,1,2
BRDA:72,7,0,4
BRDA:72,7,1,3
BRDA:91,8,0,2
BRDA:91,8,1,1
BRDA:91,9,0,3
BRDA:91,9,1,2
BRDA:117,10,0,2
BRDA:117,10,1,2
BRDA:117,11,0,4
BRDA:117,11,1,3
BRDA:135,12,0,1
BRDA:135,12,1,2
BRDA:135,13,0,3
BRDA:135,13,1,3
BRDA:172,14,0,1
BRDA:172,14,1,2
BRDA:172,15,0,3
BRDA:172,15,1,3
BRDA:201,16,0,1
BRDA:201,16,1,2
BRDA:201,17,0,3
BRDA:201,17,1,3
BRDA:247,18,0,1
BRDA:247,18,1,2
BRDA:247,19,0,3
BRDA:247,19,1,3
BRDA:270,20,0,0
BRDA:270,20,1,0
BRDA:270,21,0,0
BRDA:270,21,1,0
BRF:44
BRH:40
end_of_record
TN:
SF:api\index.ts
FN:5,fetchWithTimeout
FN:11,(anonymous_1)
FN:12,(anonymous_2)
FN:17,authorizedFetch
FN:42,(anonymous_4)
FN:49,login
FN:56,(anonymous_6)
FN:62,addUser
FN:69,(anonymous_8)
FN:76,initiateDonation
FNF:10
FNH:6
FNDA:6,fetchWithTimeout
FNDA:0,(anonymous_1)
FNDA:6,(anonymous_2)
FNDA:0,authorizedFetch
FNDA:0,(anonymous_4)
FNDA:3,login
FNDA:1,(anonymous_6)
FNDA:2,addUser
FNDA:0,(anonymous_8)
FNDA:1,initiateDonation
DA:2,2
DA:3,2
DA:10,6
DA:11,6
DA:12,6
DA:13,6
DA:22,0
DA:23,0
DA:24,0
DA:27,0
DA:36,0
DA:37,0
DA:38,0
DA:41,0
DA:42,0
DA:43,0
DA:46,0
DA:50,3
DA:55,3
DA:56,2
DA:57,2
DA:59,1
DA:63,2
DA:68,2
DA:69,1
DA:70,1
DA:72,1
DA:73,1
DA:77,1
DA:82,1
LF:30
LH:19
BRDA:3,0,0,0
BRDA:3,0,1,2
BRDA:8,1,0,6
BRDA:20,2,0,0
BRDA:22,3,0,0
BRDA:22,3,1,0
BRDA:36,4,0,0
BRDA:36,4,1,0
BRDA:41,5,0,0
BRDA:41,5,1,0
BRDA:43,6,0,0
BRDA:43,6,1,0
BRDA:55,7,0,2
BRDA:55,7,1,1
BRDA:57,8,0,2
BRDA:57,8,1,1
BRDA:68,9,0,1
BRDA:68,9,1,1
BRDA:70,10,0,1
BRDA:70,10,1,0
BRF:20
BRH:9
end_of_record
TN:
SF:api\storage.ts
FN:4,(anonymous_0)
FN:9,(anonymous_1)
FN:17,(anonymous_2)
FNF:3
FNH:3
FNDA:3,(anonymous_0)
FNDA:2,(anonymous_1)
FNDA:2,(anonymous_2)
DA:4,3
DA:5,3
DA:6,1
DA:9,3
DA:10,2
DA:11,1
DA:13,1
DA:17,3
DA:18,2
DA:19,1
DA:21,1
LF:11
LH:11
BRDA:5,0,0,2
BRDA:5,0,1,1
BRDA:10,1,0,1
BRDA:10,1,1,1
BRDA:18,2,0,1
BRDA:18,2,1,1
BRF:6
BRH:6
end_of_record
TN:
SF:constants\types.ts
FN:27,getGreeting
FN:34,(anonymous_1)
FNF:2
FNH:2
FNDA:6,getGreeting
FNDA:2,(anonymous_1)
DA:28,6
DA:29,6
DA:30,4
DA:31,2
DA:34,1
DA:35,2
LF:6
LH:6
BRDA:29,0,0,2
BRDA:29,0,1,4
BRDA:30,1,0,2
BRDA:30,1,1,2
BRDA:34,2,0,1
BRF:5
BRH:5
end_of_record
TN:
SF:hooks\useAuth.tsx
FN:14,(anonymous_0)
FN:21,(anonymous_1)
FN:22,(anonymous_2)
FN:43,(anonymous_3)
FN:74,(anonymous_4)
FNF:5
FNH:5
FNDA:12,(anonymous_0)
FNDA:5,(anonymous_1)
FNDA:5,(anonymous_2)
FNDA:1,(anonymous_3)
FNDA:14,(anonymous_4)
DA:12,2
DA:14,2
DA:15,12
DA:16,12
DA:17,12
DA:18,12
DA:19,12
DA:21,12
DA:22,5
DA:23,5
DA:24,5
DA:25,5
DA:26,4
DA:27,2
DA:28,2
DA:30,4
DA:31,4
DA:32,4
DA:33,4
DA:35,1
DA:37,5
DA:40,5
DA:43,12
DA:44,1
DA:45,1
DA:46,1
DA:47,1
DA:49,1
DA:50,1
DA:51,1
DA:52,1
DA:54,12
DA:74,2
DA:75,14
DA:76,14
DA:77,2
DA:79,12
LF:37
LH:37
BRDA:26,0,0,2
BRDA:26,0,1,2
BRDA:32,1,0,4
BRDA:32,1,1,2
BRDA:33,2,0,4
BRDA:33,2,1,2
BRDA:76,3,0,2
BRDA:76,3,1,12
BRF:8
BRH:8
end_of_record
TN:
SF:hooks\useHealthData.tsx
FN:11,(anonymous_0)
FN:19,(anonymous_1)
FN:20,(anonymous_2)
FN:39,(anonymous_3)
FNF:4
FNH:4
FNDA:9,(anonymous_0)
FNDA:5,(anonymous_1)
FNDA:5,(anonymous_2)
FNDA:2,(anonymous_3)
DA:11,1
DA:12,9
DA:13,9
DA:14,9
DA:15,9
DA:16,9
DA:17,9
DA:19,9
DA:20,5
DA:21,5
DA:28,5
DA:35,3
DA:36,3
DA:37,3
DA:38,3
DA:39,2
DA:45,3
DA:47,1
DA:48,1
DA:51,5
DA:54,9
LF:21
LH:21
BRDA:35,0,0,3
BRDA:35,0,1,1
BRDA:36,1,0,3
BRDA:36,1,1,1
BRDA:37,2,0,3
BRDA:37,2,1,1
BRDA:39,3,0,3
BRDA:39,3,1,1
BRDA:42,4,0,2
BRDA:42,4,1,1
BRDA:45,5,0,3
BRDA:45,5,1,1
BRF:12
BRH:12
end_of_record
